<ERROR_INFO>
Mess: SELECT * FROM iwebshop_volumes WHERE festival_id=1 ORDER BY  order asc DESC  limit 500
 -- You have an error in your SQL syntax; check the manual that corresponds to your MySQL server version for the right syntax to use near 'order asc DESC  limit 500' at line 1
Line: 89
File: IWEB_PATH/db\driver\mysql_class.php
##Debug_backtrace:##
	Func:read           	Class:IMysql         	Type:->   	Line:59   	File:IWEB_PATH/db\driver\mysql_class.php
	Func:doSql          	Class:IMysql         	Type:->   	Line:87   	File:IWEB_PATH/db\db_class.php
	Func:query          	Class:IDB            	Type:->   	Line:186  	File:IWEB_PATH/web\model\model_class.php
	Func:query          	Class:IModel         	Type:->   	Line:1958 	File:D:\projects\php\zunpingou\controllers\simple.php
	Func:festival       	Class:Simple         	Type:->   	Line:24   	File:IWEB_PATH/web\action\inline_action.php
	Func:run            	Class:IInlineAction  	Type:->   	Line:215  	File:IWEB_PATH/web\controller\controller_class.php
	Func:run            	Class:IController    	Type:->   	Line:29   	File:IWEB_PATH/core\webapplication_class.php
	Func:execRequest    	Class:IWebApplication	Type:->   	Line:111  	File:IWEB_PATH/core\application_class.php
	Func:run            	Class:IApplication   	Type:->   	Line:5    	File:D:\projects\php\zunpingou\index.php
</ERROR_INFO>
<ERROR_INFO>
Mess: SELECT * FROM iwebshop_volumes WHERE festival_id=1 ORDER BY  order  ASC  limit 500
 -- You have an error in your SQL syntax; check the manual that corresponds to your MySQL server version for the right syntax to use near 'order  ASC  limit 500' at line 1
Line: 89
File: IWEB_PATH/db\driver\mysql_class.php
##Debug_backtrace:##
	Func:read           	Class:IMysql         	Type:->   	Line:59   	File:IWEB_PATH/db\driver\mysql_class.php
	Func:doSql          	Class:IMysql         	Type:->   	Line:87   	File:IWEB_PATH/db\db_class.php
	Func:query          	Class:IDB            	Type:->   	Line:186  	File:IWEB_PATH/web\model\model_class.php
	Func:query          	Class:IModel         	Type:->   	Line:1958 	File:D:\projects\php\zunpingou\controllers\simple.php
	Func:festival       	Class:Simple         	Type:->   	Line:24   	File:IWEB_PATH/web\action\inline_action.php
	Func:run            	Class:IInlineAction  	Type:->   	Line:215  	File:IWEB_PATH/web\controller\controller_class.php
	Func:run            	Class:IController    	Type:->   	Line:29   	File:IWEB_PATH/core\webapplication_class.php
	Func:execRequest    	Class:IWebApplication	Type:->   	Line:111  	File:IWEB_PATH/core\application_class.php
	Func:run            	Class:IApplication   	Type:->   	Line:5    	File:D:\projects\php\zunpingou\index.php
</ERROR_INFO>
<ERROR_INFO>
Mess: SELECT * FROM iwebshop_volumes WHERE festival_id=1 ORDER BY  order  ASC  limit 500
 -- You have an error in your SQL syntax; check the manual that corresponds to your MySQL server version for the right syntax to use near 'order  ASC  limit 500' at line 1
Line: 89
File: IWEB_PATH/db\driver\mysql_class.php
##Debug_backtrace:##
	Func:read           	Class:IMysql         	Type:->   	Line:59   	File:IWEB_PATH/db\driver\mysql_class.php
	Func:doSql          	Class:IMysql         	Type:->   	Line:87   	File:IWEB_PATH/db\db_class.php
	Func:query          	Class:IDB            	Type:->   	Line:186  	File:IWEB_PATH/web\model\model_class.php
	Func:query          	Class:IModel         	Type:->   	Line:1958 	File:D:\projects\php\zunpingou\controllers\simple.php
	Func:festival       	Class:Simple         	Type:->   	Line:24   	File:IWEB_PATH/web\action\inline_action.php
	Func:run            	Class:IInlineAction  	Type:->   	Line:215  	File:IWEB_PATH/web\controller\controller_class.php
	Func:run            	Class:IController    	Type:->   	Line:29   	File:IWEB_PATH/core\webapplication_class.php
	Func:execRequest    	Class:IWebApplication	Type:->   	Line:111  	File:IWEB_PATH/core\application_class.php
	Func:run            	Class:IApplication   	Type:->   	Line:5    	File:D:\projects\php\zunpingou\index.php
</ERROR_INFO>
<ERROR_INFO>
Mess: SELECT * FROM iwebshop_volumes WHERE festival_id=1 ORDER BY `order`  ASC  limit 500
 -- Unknown column 'order' in 'order clause'
Line: 89
File: IWEB_PATH/db\driver\mysql_class.php
##Debug_backtrace:##
	Func:read           	Class:IMysql         	Type:->   	Line:59   	File:IWEB_PATH/db\driver\mysql_class.php
	Func:doSql          	Class:IMysql         	Type:->   	Line:87   	File:IWEB_PATH/db\db_class.php
	Func:query          	Class:IDB            	Type:->   	Line:186  	File:IWEB_PATH/web\model\model_class.php
	Func:query          	Class:IModel         	Type:->   	Line:1958 	File:D:\projects\php\zunpingou\controllers\simple.php
	Func:festival       	Class:Simple         	Type:->   	Line:24   	File:IWEB_PATH/web\action\inline_action.php
	Func:run            	Class:IInlineAction  	Type:->   	Line:215  	File:IWEB_PATH/web\controller\controller_class.php
	Func:run            	Class:IController    	Type:->   	Line:29   	File:IWEB_PATH/core\webapplication_class.php
	Func:execRequest    	Class:IWebApplication	Type:->   	Line:111  	File:IWEB_PATH/core\application_class.php
	Func:run            	Class:IApplication   	Type:->   	Line:5    	File:D:\projects\php\zunpingou\index.php
</ERROR_INFO>
<ERROR_INFO>
Mess: SELECT * FROM iwebshop_volumes WHERE festival_id=1 ORDER BY `order`  ASC  limit 500
 -- Unknown column 'order' in 'order clause'
Line: 89
File: IWEB_PATH/db\driver\mysql_class.php
##Debug_backtrace:##
	Func:read           	Class:IMysql         	Type:->   	Line:59   	File:IWEB_PATH/db\driver\mysql_class.php
	Func:doSql          	Class:IMysql         	Type:->   	Line:87   	File:IWEB_PATH/db\db_class.php
	Func:query          	Class:IDB            	Type:->   	Line:186  	File:IWEB_PATH/web\model\model_class.php
	Func:query          	Class:IModel         	Type:->   	Line:1958 	File:D:\projects\php\zunpingou\controllers\simple.php
	Func:festival       	Class:Simple         	Type:->   	Line:24   	File:IWEB_PATH/web\action\inline_action.php
	Func:run            	Class:IInlineAction  	Type:->   	Line:215  	File:IWEB_PATH/web\controller\controller_class.php
	Func:run            	Class:IController    	Type:->   	Line:29   	File:IWEB_PATH/core\webapplication_class.php
	Func:execRequest    	Class:IWebApplication	Type:->   	Line:111  	File:IWEB_PATH/core\application_class.php
	Func:run            	Class:IApplication   	Type:->   	Line:5    	File:D:\projects\php\zunpingou\index.php
</ERROR_INFO>
<ERROR_INFO>
Mess: SELECT * FROM iwebshop_festival WHERE visiblity = 1 and  festival_id=1 ORDER BY `sort` ASC  limit 500
 -- Unknown column 'visiblity' in 'where clause'
Line: 89
File: IWEB_PATH/db\driver\mysql_class.php
##Debug_backtrace:##
	Func:read           	Class:IMysql         	Type:->   	Line:59   	File:IWEB_PATH/db\driver\mysql_class.php
	Func:doSql          	Class:IMysql         	Type:->   	Line:87   	File:IWEB_PATH/db\db_class.php
	Func:query          	Class:IDB            	Type:->   	Line:186  	File:IWEB_PATH/web\model\model_class.php
	Func:query          	Class:IModel         	Type:->   	Line:1970 	File:D:\projects\php\zunpingou\controllers\simple.php
	Func:festival       	Class:Simple         	Type:->   	Line:24   	File:IWEB_PATH/web\action\inline_action.php
	Func:run            	Class:IInlineAction  	Type:->   	Line:215  	File:IWEB_PATH/web\controller\controller_class.php
	Func:run            	Class:IController    	Type:->   	Line:29   	File:IWEB_PATH/core\webapplication_class.php
	Func:execRequest    	Class:IWebApplication	Type:->   	Line:111  	File:IWEB_PATH/core\application_class.php
	Func:run            	Class:IApplication   	Type:->   	Line:5    	File:D:\projects\php\zunpingou\index.php
</ERROR_INFO>
<ERROR_INFO>
Mess: SELECT * FROM iwebshop_festival WHERE visiblity = 1 and  festival_id=1 ORDER BY `sort` ASC  limit 500
 -- Unknown column 'visiblity' in 'where clause'
Line: 89
File: IWEB_PATH/db\driver\mysql_class.php
##Debug_backtrace:##
	Func:read           	Class:IMysql         	Type:->   	Line:59   	File:IWEB_PATH/db\driver\mysql_class.php
	Func:doSql          	Class:IMysql         	Type:->   	Line:87   	File:IWEB_PATH/db\db_class.php
	Func:query          	Class:IDB            	Type:->   	Line:186  	File:IWEB_PATH/web\model\model_class.php
	Func:query          	Class:IModel         	Type:->   	Line:1970 	File:D:\projects\php\zunpingou\controllers\simple.php
	Func:festival       	Class:Simple         	Type:->   	Line:24   	File:IWEB_PATH/web\action\inline_action.php
	Func:run            	Class:IInlineAction  	Type:->   	Line:215  	File:IWEB_PATH/web\controller\controller_class.php
	Func:run            	Class:IController    	Type:->   	Line:29   	File:IWEB_PATH/core\webapplication_class.php
	Func:execRequest    	Class:IWebApplication	Type:->   	Line:111  	File:IWEB_PATH/core\application_class.php
	Func:run            	Class:IApplication   	Type:->   	Line:5    	File:D:\projects\php\zunpingou\index.php
</ERROR_INFO>
<ERROR_INFO>
Mess: SELECT * FROM iwebshop_festival WHERE visibiliity = 1 and  festival_id=1 ORDER BY `sort` ASC  limit 500
 -- Unknown column 'visibiliity' in 'where clause'
Line: 89
File: IWEB_PATH/db\driver\mysql_class.php
##Debug_backtrace:##
	Func:read           	Class:IMysql         	Type:->   	Line:59   	File:IWEB_PATH/db\driver\mysql_class.php
	Func:doSql          	Class:IMysql         	Type:->   	Line:87   	File:IWEB_PATH/db\db_class.php
	Func:query          	Class:IDB            	Type:->   	Line:186  	File:IWEB_PATH/web\model\model_class.php
	Func:query          	Class:IModel         	Type:->   	Line:1970 	File:D:\projects\php\zunpingou\controllers\simple.php
	Func:festival       	Class:Simple         	Type:->   	Line:24   	File:IWEB_PATH/web\action\inline_action.php
	Func:run            	Class:IInlineAction  	Type:->   	Line:215  	File:IWEB_PATH/web\controller\controller_class.php
	Func:run            	Class:IController    	Type:->   	Line:29   	File:IWEB_PATH/core\webapplication_class.php
	Func:execRequest    	Class:IWebApplication	Type:->   	Line:111  	File:IWEB_PATH/core\application_class.php
	Func:run            	Class:IApplication   	Type:->   	Line:5    	File:D:\projects\php\zunpingou\index.php
</ERROR_INFO>
<ERROR_INFO>
Mess: SELECT * FROM iwebshop_festival WHERE visibility = 1 and  festival_id=1 ORDER BY `sort` ASC  limit 500
 -- Unknown column 'festival_id' in 'where clause'
Line: 89
File: IWEB_PATH/db\driver\mysql_class.php
##Debug_backtrace:##
	Func:read           	Class:IMysql         	Type:->   	Line:59   	File:IWEB_PATH/db\driver\mysql_class.php
	Func:doSql          	Class:IMysql         	Type:->   	Line:87   	File:IWEB_PATH/db\db_class.php
	Func:query          	Class:IDB            	Type:->   	Line:186  	File:IWEB_PATH/web\model\model_class.php
	Func:query          	Class:IModel         	Type:->   	Line:1970 	File:D:\projects\php\zunpingou\controllers\simple.php
	Func:festival       	Class:Simple         	Type:->   	Line:24   	File:IWEB_PATH/web\action\inline_action.php
	Func:run            	Class:IInlineAction  	Type:->   	Line:215  	File:IWEB_PATH/web\controller\controller_class.php
	Func:run            	Class:IController    	Type:->   	Line:29   	File:IWEB_PATH/core\webapplication_class.php
	Func:execRequest    	Class:IWebApplication	Type:->   	Line:111  	File:IWEB_PATH/core\application_class.php
	Func:run            	Class:IApplication   	Type:->   	Line:5    	File:D:\projects\php\zunpingou\index.php
</ERROR_INFO>
