<ERROR_INFO>
errID:8
errStr:Undefined variable: name
errFile:D:\projects\php\zunpingou\runtime\simple\gift_goods.php
errLine:135
errTime:13-08-08 20:49:35
##出错时变量的值：##
array (
  '__runtimeFile' => 'D:/projects/php/zunpingou/runtime\\simple\\gift_goods.php',
  'data' => NULL,
  'user' => 
  array (
    'user_id' => false,
    'username' => false,
    'head_ico' => false,
  ),
  'myCartObj' => 
  Cart::__set_state(array(
     'cartStruct' => 
    array (
      'goods' => 
      array (
      ),
      'product' => 
      array (
      ),
    ),
     'cartExeStruct' => 
    array (
      'goods' => 
      array (
        'id' => 
        array (
        ),
        'data' => 
        array (
        ),
      ),
      'product' => 
      array (
        'id' => 
        array (
        ),
        'data' => 
        array (
        ),
      ),
      'count' => 0,
      'sum' => 0,
    ),
     'cartName' => 'shoppingcart',
     'maxCount' => 100,
     'error' => '',
     'saveType' => 'cookie',
  )),
  'myCartInfo' => 
  array (
    'goods' => 
    array (
      'id' => 
      array (
      ),
      'data' => 
      array (
      ),
    ),
    'product' => 
    array (
      'id' => 
      array (
      ),
      'data' => 
      array (
      ),
    ),
    'count' => 0,
    'sum' => 0,
  ),
  'siteConfig' => 
  Config::__set_state(array(
     'configFile' => 'D:/projects/php/zunpingou/config/site_config.php',
     'config' => 
    array (
      'email_type' => '1',
      'mail_address' => '',
      'smtp' => '',
      'smtp_user' => '',
      'smtp_pwd' => '',
      'smtp_port' => '',
      'order_by' => 'new',
      'order_type' => 'asc',
      'list_type' => 'win',
      'list_num' => '9',
      'auto_finish' => '1',
      'index_slide' => 'a:4:{i:0;a:3:{s:4:"name";s:33:"新设计，新内核，新起点";s:3:"url";s:20:"http://www.jooyea.cn";s:3:"img";s:39:"upload/2011/06/07/20110607105300491.png";}i:1;a:3:{s:4:"name";s:18:"开源电子商务";s:3:"url";s:20:"http://www.jooyea.cn";s:3:"img";s:39:"upload/2011/06/07/20110607105300463.png";}i:2;a:3:{s:4:"name";s:27:"自由，易于二次开发";s:3:"url";s:20:"http://www.jooyea.cn";s:3:"img";s:39:"upload/2011/06/07/20110607105300767.png";}i:3;a:3:{s:4:"name";s:21:"电子商务新起点";s:3:"url";s:20:"http://www.jooyea.cn";s:3:"img";s:39:"upload/2011/06/07/20110607105300948.png";}}',
      'list_thumb_width' => '175',
      'list_thumb_height' => '175',
      'show_thumb_width' => '100',
      'show_thumb_height' => '100',
      'name' => 'iwebshop',
      'url' => 'http://www.jooyea.cn',
      'master' => '',
      'qq' => '',
      'email' => '',
      'mobile' => '',
      'phone' => '',
      'address' => '',
      'site_footer_code' => '<div class="footer"><p class="links"><a href="">关于我们</a>|<a href="">常见问题</a>|<a href="">安全交易</a>|<a href="">购买流程</a>|<a href="">如何付款</a>|<a href="">联系我们</a>|<a href="">合作提案</a></p><p class="copyright">Powered by <a href="http://www.jooyea.cn">iWebShop v2.4</a></p>Copyright © 2005-2013 <a class="copyys" target="_blank" href="http://www.miibeian.gov.cn/">鲁ICP备01000010号</a></div>',
      'tax' => '10',
      'stockup_time' => '1',
      'regiment_time_limit' => '60',
      'index_seo_title' => '',
      'index_seo_keywords' => '',
      'index_seo_description' => '',
      'goods_no_pre' => 'SD',
    ),
  )),
  'callback' => '',
  'i' => 0,
  'query' => 
  IQuery::__set_state(array(
     'dbo' => 
    IMysql::__set_state(array(
       'linkRes' => NULL,
    )),
     'sql' => 
    array (
      'table' => 'iwebshop_keyword',
      'fields' => '*',
      'where' => 'where hot = 1',
      'join' => '',
      'group' => '',
      'having' => '',
      'order' => 'order by `order` asc',
      'limit' => 'limit 5',
      'distinct' => '',
    ),
     'paging' => NULL,
     'tablePre' => 'iwebshop_',
  )),
  'items' => 
  array (
  ),
  'first' => 
  array (
    'id' => '1',
    'name' => '大米',
    'parent_id' => '0',
    'visibility' => '1',
    'second' => 
    array (
      0 => 
      array (
        'id' => '2',
        'name' => '新衣服',
        'parent_id' => '1',
        'visibility' => '1',
        'more' => 
        array (
        ),
      ),
    ),
  ),
  'key' => 0,
  'second' => 
  array (
    'id' => '2',
    'name' => '新衣服',
    'parent_id' => '1',
    'visibility' => '1',
    'more' => 
    array (
    ),
  ),
  'seo_data' => 
  array (
  ),
  'site_config' => 
  Config::__set_state(array(
     'configFile' => 'D:/projects/php/zunpingou/config/site_config.php',
     'config' => 
    array (
      'email_type' => '1',
      'mail_address' => '',
      'smtp' => '',
      'smtp_user' => '',
      'smtp_pwd' => '',
      'smtp_port' => '',
      'order_by' => 'new',
      'order_type' => 'asc',
      'list_type' => 'win',
      'list_num' => '9',
      'auto_finish' => '1',
      'index_slide' => 'a:4:{i:0;a:3:{s:4:"name";s:33:"新设计，新内核，新起点";s:3:"url";s:20:"http://www.jooyea.cn";s:3:"img";s:39:"upload/2011/06/07/20110607105300491.png";}i:1;a:3:{s:4:"name";s:18:"开源电子商务";s:3:"url";s:20:"http://www.jooyea.cn";s:3:"img";s:39:"upload/2011/06/07/20110607105300463.png";}i:2;a:3:{s:4:"name";s:27:"自由，易于二次开发";s:3:"url";s:20:"http://www.jooyea.cn";s:3:"img";s:39:"upload/2011/06/07/20110607105300767.png";}i:3;a:3:{s:4:"name";s:21:"电子商务新起点";s:3:"url";s:20:"http://www.jooyea.cn";s:3:"img";s:39:"upload/2011/06/07/20110607105300948.png";}}',
      'list_thumb_width' => '175',
      'list_thumb_height' => '175',
      'show_thumb_width' => '100',
      'show_thumb_height' => '100',
      'name' => 'iwebshop',
      'url' => 'http://www.jooyea.cn',
      'master' => '',
      'qq' => '',
      'email' => '',
      'mobile' => '',
      'phone' => '',
      'address' => '',
      'site_footer_code' => '<div class="footer"><p class="links"><a href="">关于我们</a>|<a href="">常见问题</a>|<a href="">安全交易</a>|<a href="">购买流程</a>|<a href="">如何付款</a>|<a href="">联系我们</a>|<a href="">合作提案</a></p><p class="copyright">Powered by <a href="http://www.jooyea.cn">iWebShop v2.4</a></p>Copyright © 2005-2013 <a class="copyys" target="_blank" href="http://www.miibeian.gov.cn/">鲁ICP备01000010号</a></div>',
      'tax' => '10',
      'stockup_time' => '1',
      'regiment_time_limit' => '60',
      'index_seo_title' => '',
      'index_seo_keywords' => '',
      'index_seo_description' => '',
      'goods_no_pre' => 'SD',
    ),
  )),
)
<\ERROR_INFO>
